C:\USERS\CACHUKWULOBE\DOCUMENTS\VISUAL STUDIO 2010\PROJECTS\STOP WATCH\DEBUG\STOP WATCH.EXE
C:\USERS\CACHUKWULOBE\DOCUMENTS\VISUAL STUDIO 2010\PROJECTS\STOP WATCH\DEBUG\STOP WATCH.ILK
C:\USERS\CACHUKWULOBE\DOCUMENTS\VISUAL STUDIO 2010\PROJECTS\STOP WATCH\DEBUG\STOP WATCH.PDB
C:\USERS\CACHUKWULOBE\DOCUMENTS\VISUAL STUDIO 2010\PROJECTS\STOP WATCH\STOP WATCH\DEBUG\.NETFRAMEWORK,VERSION=V4.0.ASSEMBLYATTRIBUTES.OBJ
C:\USERS\CACHUKWULOBE\DOCUMENTS\VISUAL STUDIO 2010\PROJECTS\STOP WATCH\STOP WATCH\DEBUG\APP.RES
C:\USERS\CACHUKWULOBE\DOCUMENTS\VISUAL STUDIO 2010\PROJECTS\STOP WATCH\STOP WATCH\DEBUG\ASSEMBLYINFO.OBJ
C:\Users\CAChukwulobe\Documents\Visual Studio 2010\Projects\Stop Watch\Stop Watch\Debug\cl.command.1.tlog
C:\Users\CAChukwulobe\Documents\Visual Studio 2010\Projects\Stop Watch\Stop Watch\Debug\CL.read.1.tlog
C:\Users\CAChukwulobe\Documents\Visual Studio 2010\Projects\Stop Watch\Stop Watch\Debug\CL.write.1.tlog
C:\Users\CAChukwulobe\Documents\Visual Studio 2010\Projects\Stop Watch\Stop Watch\Debug\link.17236.read.1.tlog
C:\Users\CAChukwulobe\Documents\Visual Studio 2010\Projects\Stop Watch\Stop Watch\Debug\link.17236.write.1.tlog
C:\Users\CAChukwulobe\Documents\Visual Studio 2010\Projects\Stop Watch\Stop Watch\Debug\link.17236-cvtres.read.1.tlog
C:\Users\CAChukwulobe\Documents\Visual Studio 2010\Projects\Stop Watch\Stop Watch\Debug\link.17236-cvtres.write.1.tlog
C:\Users\CAChukwulobe\Documents\Visual Studio 2010\Projects\Stop Watch\Stop Watch\Debug\link.5428.read.1.tlog
C:\Users\CAChukwulobe\Documents\Visual Studio 2010\Projects\Stop Watch\Stop Watch\Debug\link.5428.write.1.tlog
C:\Users\CAChukwulobe\Documents\Visual Studio 2010\Projects\Stop Watch\Stop Watch\Debug\link.5428-cvtres.read.1.tlog
C:\Users\CAChukwulobe\Documents\Visual Studio 2010\Projects\Stop Watch\Stop Watch\Debug\link.5428-cvtres.write.1.tlog
C:\Users\CAChukwulobe\Documents\Visual Studio 2010\Projects\Stop Watch\Stop Watch\Debug\link.command.1.tlog
C:\Users\CAChukwulobe\Documents\Visual Studio 2010\Projects\Stop Watch\Stop Watch\Debug\link.read.1.tlog
C:\Users\CAChukwulobe\Documents\Visual Studio 2010\Projects\Stop Watch\Stop Watch\Debug\link.write.1.tlog
C:\Users\CAChukwulobe\Documents\Visual Studio 2010\Projects\Stop Watch\Stop Watch\Debug\mt.command.1.tlog
C:\Users\CAChukwulobe\Documents\Visual Studio 2010\Projects\Stop Watch\Stop Watch\Debug\mt.read.1.tlog
C:\Users\CAChukwulobe\Documents\Visual Studio 2010\Projects\Stop Watch\Stop Watch\Debug\mt.write.1.tlog
C:\Users\CAChukwulobe\Documents\Visual Studio 2010\Projects\Stop Watch\Stop Watch\Debug\rc.command.1.tlog
C:\Users\CAChukwulobe\Documents\Visual Studio 2010\Projects\Stop Watch\Stop Watch\Debug\rc.read.1.tlog
C:\Users\CAChukwulobe\Documents\Visual Studio 2010\Projects\Stop Watch\Stop Watch\Debug\rc.write.1.tlog
C:\USERS\CACHUKWULOBE\DOCUMENTS\VISUAL STUDIO 2010\PROJECTS\STOP WATCH\STOP WATCH\DEBUG\STDAFX.OBJ
C:\USERS\CACHUKWULOBE\DOCUMENTS\VISUAL STUDIO 2010\PROJECTS\STOP WATCH\STOP WATCH\DEBUG\STOP WATCH.EXE.INTERMEDIATE.MANIFEST
C:\USERS\CACHUKWULOBE\DOCUMENTS\VISUAL STUDIO 2010\PROJECTS\STOP WATCH\STOP WATCH\DEBUG\STOP WATCH.OBJ
C:\USERS\CACHUKWULOBE\DOCUMENTS\VISUAL STUDIO 2010\PROJECTS\STOP WATCH\STOP WATCH\DEBUG\STOP WATCH.PCH
C:\Users\CAChukwulobe\Documents\Visual Studio 2010\Projects\Stop Watch\Stop Watch\Debug\Stop Watch.vcxproj.GenerateResource.Cache
C:\Users\CAChukwulobe\Documents\Visual Studio 2010\Projects\Stop Watch\Stop Watch\Debug\Stop Watch.write.1.tlog
C:\Users\CAChukwulobe\Documents\Visual Studio 2010\Projects\Stop Watch\Stop Watch\Debug\StopWatch.Form1.resources
C:\USERS\CACHUKWULOBE\DOCUMENTS\VISUAL STUDIO 2010\PROJECTS\STOP WATCH\STOP WATCH\DEBUG\VC100.PDB
