Build started 4/2/2020 1:05:46 PM.
     1>Project "C:\Users\Emeka\Documents\Visual Studio 2010\Projects\Stop Watch\Stop Watch\Stop Watch.vcxproj" on node 2 (build target(s)).
     1>InitializeBuildStatus:
         Creating "Debug\Stop Watch.unsuccessfulbuild" because "AlwaysCreate" was specified.
       GenerateTargetFrameworkMonikerAttribute:
       Skipping target "GenerateTargetFrameworkMonikerAttribute" because all output files are up-to-date with respect to the input files.
       ClCompile:
         All outputs are up-to-date.
         C:\Program Files (x86)\Microsoft Visual Studio 10.0\VC\bin\CL.exe /c /AI"C:\Program Files (x86)\Reference Assemblies\Microsoft\Framework\.NETFramework\v4.0" /Zi /clr:pure /nologo /W3 /WX- /Od /Oy- /D WIN32 /D _DEBUG /D _UNICODE /D UNICODE /EHa /MDd /GS /fp:precise /Zc:wchar_t /Zc:forScope /Yu"StdAfx.h" /Fp"Debug\Stop Watch.pch" /Fo"Debug\\" /Fd"Debug\vc100.pdb" /TP /FU"C:\Program Files (x86)\Reference Assemblies\Microsoft\Framework\.NETFramework\v4.0\System.Core.dll" /FU"C:\Program Files (x86)\Reference Assemblies\Microsoft\Framework\.NETFramework\v4.0\System.Data.dll" /FU"C:\Program Files (x86)\Reference Assemblies\Microsoft\Framework\.NETFramework\v4.0\System.dll" /FU"C:\Program Files (x86)\Reference Assemblies\Microsoft\Framework\.NETFramework\v4.0\System.Drawing.dll" /FU"C:\Program Files (x86)\Reference Assemblies\Microsoft\Framework\.NETFramework\v4.0\System.Windows.Forms.dll" /FU"C:\Program Files (x86)\Reference Assemblies\Microsoft\Framework\.NETFramework\v4.0\System.Xml.dll" /analyze- /errorReport:prompt "Stop Watch.cpp" /clr:nostdlib 
         Stop Watch.cpp
     1>c:\users\emeka\documents\visual studio 2010\projects\stop watch\stop watch\Form1.h(233): warning C4620: no postfix form of 'operator ++' found for type 'Time', using prefix form
                 c:\users\emeka\documents\visual studio 2010\projects\stop watch\stop watch\Time.h(5) : see declaration of 'Time'
         All outputs are up-to-date.
       CoreResGen:
         "C:\Program Files (x86)\Microsoft SDKs\Windows\v7.0A\bin\NETFX 4.0 Tools\resgen.exe" /useSourcePath /r:"C:\Program Files (x86)\Reference Assemblies\Microsoft\Framework\.NETFramework\v4.0\System.Core.dll" /r:"C:\Program Files (x86)\Reference Assemblies\Microsoft\Framework\.NETFramework\v4.0\System.Data.dll" /r:"C:\Program Files (x86)\Reference Assemblies\Microsoft\Framework\.NETFramework\v4.0\System.dll" /r:"C:\Program Files (x86)\Reference Assemblies\Microsoft\Framework\.NETFramework\v4.0\System.Drawing.dll" /r:"C:\Program Files (x86)\Reference Assemblies\Microsoft\Framework\.NETFramework\v4.0\System.Windows.Forms.dll" /r:"C:\Program Files (x86)\Reference Assemblies\Microsoft\Framework\.NETFramework\v4.0\System.Xml.dll" /compile Form1.resX,Debug\StopWatch.Form1.resources
         Processing resource file "Form1.resX" into "Debug\StopWatch.Form1.resources".
       ResourceCompile:
         All outputs are up-to-date.
       Link:
         C:\Program Files (x86)\Microsoft Visual Studio 10.0\VC\bin\link.exe /ERRORREPORT:PROMPT /OUT:"C:\Users\Emeka\Documents\Visual Studio 2010\Projects\Stop Watch\Debug\Stop Watch.exe" /INCREMENTAL /NOLOGO /ASSEMBLYRESOURCE:Debug\StopWatch.Form1.resources /MANIFEST /ManifestFile:"Debug\Stop Watch.exe.intermediate.manifest" /MANIFESTUAC:"level='asInvoker' uiAccess='false'" /DEBUG /PDB:"C:\Users\Emeka\Documents\Visual Studio 2010\Projects\Stop Watch\Debug\Stop Watch.pdb" /ASSEMBLYDEBUG /SUBSYSTEM:WINDOWS /TLBID:1 /ENTRY:"main" /DYNAMICBASE /FIXED:NO /NXCOMPAT /MACHINE:X86 Debug\app.res
         Debug\AssemblyInfo.obj
         Debug\stdafx.obj
         "Debug\Stop Watch.obj"
         "Debug\.NETFramework,Version=v4.0.AssemblyAttributes.obj"
         Stop Watch.vcxproj -> C:\Users\Emeka\Documents\Visual Studio 2010\Projects\Stop Watch\Debug\Stop Watch.exe
       Manifest:
         C:\Program Files (x86)\Microsoft SDKs\Windows\v7.0A\bin\mt.exe /nologo /verbose /outputresource:"C:\Users\Emeka\Documents\Visual Studio 2010\Projects\Stop Watch\Debug\Stop Watch.exe;#1" /manifest "Debug\Stop Watch.exe.intermediate.manifest"
       FinalizeBuildStatus:
         Deleting file "Debug\Stop Watch.unsuccessfulbuild".
         Touching "Debug\Stop Watch.lastbuildstate".
     1>Done Building Project "C:\Users\Emeka\Documents\Visual Studio 2010\Projects\Stop Watch\Stop Watch\Stop Watch.vcxproj" (build target(s)).

Build succeeded.

Time Elapsed 00:00:01.30
